<?xml version="1.0" encoding="UTF-8"?>
<!-- Generated by org.testng.reporters.JUnitReportReporter -->
<testsuite hostname="IT-C02DR1Q7MD6P" failures="0" tests="1" name="allure.examples.MyFirstClass" time="0.046" errors="0" timestamp="14 Jun 2021 03:09:42 GMT" skipped="0">
  <testcase classname="allure.examples.MyFirstClass" name="myFirstTest" time="0.046"/>
</testsuite> <!-- allure.examples.MyFirstClass -->
